<?xml version="1.0" encoding="UTF-8"?>
<testsuite name="TestSuite" time="30.114" tests="307" errors="0" skipped="0" failures="1">
  <properties>
[...]
</properties>
  <testcase name="login_IllegalPwd" classname="com.ipharmacare.sf.webtest.LoginTest" time="0.944"/>
  <testcase name="login_IllegalUser" classname="com.ipharmacare.sf.webtest.LoginTest" time="0.047"/>
  <testcase name="login_IllegalUserName" classname="com.ipharmacare.sf.webtest.LoginTest" time="0.094"/>
  <testcase name="login_MissPwd" classname="com.ipharmacare.sf.webtest.LoginTest" time="0.068"/>
  <testcase name="login_MissUser" classname="com.ipharmacare.sf.webtest.LoginTest" time="0.084"/>
  <testcase name="login_PwSpaced" classname="com.ipharmacare.sf.webtest.LoginTest" time="0.08"/>
  <testcase name="login_PwdSpace" classname="com.ipharmacare.sf.webtest.LoginTest" time="0.095"/>
  <testcase name="login_SpPwdace" classname="com.ipharmacare.sf.webtest.LoginTest" time="0.057"/>
  <testcase name="login_SpUserace" classname="com.ipharmacare.sf.webtest.LoginTest" time="0.047"/>
  <testcase name="login_SpacePSpace" classname="com.ipharmacare.sf.webtest.LoginTest" time="0.049"/>
  <testcase name="login_SpacePwd" classname="com.ipharmacare.sf.webtest.LoginTest" time="0.054"/>
  <testcase name="login_SpaceUSpace" classname="com.ipharmacare.sf.webtest.LoginTest" time="0.072"/>
  <testcase name="login_SpaceUser" classname="com.ipharmacare.sf.webtest.LoginTest" time="0.048"/>
  <testcase name="login_Succ" classname="com.ipharmacare.sf.webtest.LoginTest" time="0.055"/>
  <testcase name="login_UsSpaceer" classname="com.ipharmacare.sf.webtest.LoginTest" time="0.203"/>
  <testcase name="login_UserSpace" classname="com.ipharmacare.sf.webtest.LoginTest" time="0.195"/>
  <testcase name="login_zoneidFail" classname="com.ipharmacare.sf.webtest.LoginTest" time="0.066"/>
  <testcase name="login_zoneidMatch" classname="com.ipharmacare.sf.webtest.LoginTest" time="0.121"/>
  <testcase name="login_zoneidNotmatch" classname="com.ipharmacare.sf.webtest.LoginTest" time="0.06"/>
  <testcase name="login_Succ" classname="com.ipharmacare.sf.webtest.LoginTest" time="0.072"/>
  <testcase name="logout_Succ" classname="com.ipharmacare.sf.webtest.LogoutTest" time="0.033"/>
  <testcase name="logout_Fail" classname="com.ipharmacare.sf.webtest.LogoutTest" time="0.037"/>
  <testcase name="login_Succ" classname="com.ipharmacare.sf.webtest.LoginTest" time="0.105"/>
  <testcase name="GetAuditPlanMap_Succ" classname="com.ipharmacare.sf.webtest.getAuditPlanMapTest" time="0.086"/>
  <testcase name="delAuditPlan_Succ" classname="com.ipharmacare.sf.webtest.delAuditPlanTest" time="0.079">
    <failure message="expected [200] but found [400]" type="java.lang.AssertionError">java.lang.AssertionError: expected [200] but found [400]
	at org.testng.Assert.fail(Assert.java:94)
	at org.testng.Assert.failNotEquals(Assert.java:513)
	at org.testng.Assert.assertEqualsImpl(Assert.java:135)
	at org.testng.Assert.assertEquals(Assert.java:116)
	at org.testng.Assert.assertEquals(Assert.java:190)
	at org.testng.Assert.assertEquals(Assert.java:200)
	at com.ipharmacare.sf.webtest.delAuditPlanTest.resultCheck(delAuditPlanTest.java:54)
	at com.ipharmacare.sf.webtest.delAuditPlanTest.delAuditPlan_Succ(delAuditPlanTest.java:40)
</failure>
    <system-out><![CDATA[auditPlanMap form delete: HTTP/1.1 200 OK
get of cookies:
- [version: 0][name: SF_SESSION][value: E29C3B714E6D7C6A4EB66A888F2832A0][domain: 120.26.216.119][path: /][expiry: null]
请求地址: http://120.26.216.119:10000/api/v1/auditPlan/null
返回结果: {"code":"400","message":"Failed to convert value of type 'java.lang.String' to required type 'long'; nested exception is java.lang.NumberFormatException: For input string: \"null\"","data":null,"token":null}
]]></system-out>
  </testcase>
  <testcase name="login_Succ" classname="com.ipharmacare.sf.webtest.LoginTest" time="0.252"/>
  <testcase name="GetAuditPlanMap_Succ" classname="com.ipharmacare.sf.webtest.getAuditPlanMapTest" time="0.2"/>
  <testcase name="login_Succ" classname="com.ipharmacare.sf.webtest.LoginTest" time="0.09"/>
  <testcase name="GetcheckAuditPlanName_Fail" classname="com.ipharmacare.sf.webtest.getCheckAuditPlanNameTest" time="0.05"/>
  <testcase name="GetcheckAuditPlanName_Succ" classname="com.ipharmacare.sf.webtest.getCheckAuditPlanNameTest" time="0.04"/>
  <testcase name="login_Succ" classname="com.ipharmacare.sf.webtest.LoginTest" time="0.056"/>
  <testcase name="PostAuditCenter_Succ" classname="com.ipharmacare.sf.webtest.postAuditCenterTest" time="0.123"/>
  <testcase name="login_Succ" classname="com.ipharmacare.sf.webtest.LoginTest" time="0.11"/>
  <testcase name="getCheckRule_Succ" classname="com.ipharmacare.sf.webtest.getCheckRuleTest" time="0.035"/>
  <testcase name="login_Succ" classname="com.ipharmacare.sf.webtest.LoginTest" time="0.131"/>
  <testcase name="getInsttips_Succ" classname="com.ipharmacare.sf.webtest.getInsttipsTest" time="0.037"/>
  <testcase name="login_Succ" classname="com.ipharmacare.sf.webtest.LoginTest" time="0.082"/>
  <testcase name="getMsgOptRecipeList_Succ" classname="com.ipharmacare.sf.webtest.getMsgOptRecipeListTest" time="0.048"/>
  <testcase name="login_Succ" classname="com.ipharmacare.sf.webtest.LoginTest" time="0.06"/>
  <testcase name="getMsgOptPatientList_Succ" classname="com.ipharmacare.sf.webtest.getMsgOptPatientListTest" time="0.041"/>
  <testcase name="login_Succ" classname="com.ipharmacare.sf.webtest.LoginTest" time="0.071"/>
  <testcase name="getOptRecipeListall_Succ" classname="com.ipharmacare.sf.webtest.getOptRecipeListallTest" time="0.082"/>
  <testcase name="login_Succ" classname="com.ipharmacare.sf.webtest.LoginTest" time="0.055"/>
  <testcase name="getAnalysisType_Succ" classname="com.ipharmacare.sf.webtest.getAnalysisTypeTest" time="0.371"/>
  <testcase name="login_Succ" classname="com.ipharmacare.sf.webtest.LoginTest" time="0.056"/>
  <testcase name="getAuditDoctorList_Succ" classname="com.ipharmacare.sf.webtest.getAuditDoctorListTest" time="0.24"/>
  <testcase name="login_Succ" classname="com.ipharmacare.sf.webtest.LoginTest" time="0.084"/>
  <testcase name="getDocGroupList_Succ" classname="com.ipharmacare.sf.webtest.getDocGroupListTest" time="0.033"/>
  <testcase name="login_Succ" classname="com.ipharmacare.sf.webtest.LoginTest" time="0.121"/>
  <testcase name="getExportList_Succ" classname="com.ipharmacare.sf.webtest.getExportListTest" time="0.034"/>
  <testcase name="login_Succ" classname="com.ipharmacare.sf.webtest.LoginTest" time="0.063"/>
  <testcase name="getDeleteExportList_Succ" classname="com.ipharmacare.sf.webtest.getDeleteExportListTest" time="0.034"/>
  <testcase name="login_Succ" classname="com.ipharmacare.sf.webtest.LoginTest" time="0.067"/>
  <testcase name="getIptList_Succ" classname="com.ipharmacare.sf.webtest.getIptListTest" time="0.054"/>
  <testcase name="login_Succ" classname="com.ipharmacare.sf.webtest.LoginTest" time="0.048"/>
  <testcase name="getWorkStatistics_Succ" classname="com.ipharmacare.sf.webtest.getWorkStatisticsTest" time="0.045"/>
  <testcase name="login_Succ" classname="com.ipharmacare.sf.webtest.LoginTest" time="0.116"/>
  <testcase name="getWorkStatisticsExport_Succ" classname="com.ipharmacare.sf.webtest.getWorkStatisticsExportTest" time="0.053"/>
  <testcase name="login_Succ" classname="com.ipharmacare.sf.webtest.LoginTest" time="0.049"/>
  <testcase name="getPeriod_Succ" classname="com.ipharmacare.sf.webtest.getPeriodTest" time="0.058"/>
  <testcase name="login_Succ" classname="com.ipharmacare.sf.webtest.LoginTest" time="0.073"/>
  <testcase name="getIptMsgPatientList_Succ" classname="com.ipharmacare.sf.webtest.getIptMsgPatientListTest" time="0.154"/>
  <testcase name="login_Succ" classname="com.ipharmacare.sf.webtest.LoginTest" time="0.062"/>
  <testcase name="getCurrentUser_Succ" classname="com.ipharmacare.sf.webtest.getCurrentUserTest" time="0.044"/>
  <testcase name="login_Succ" classname="com.ipharmacare.sf.webtest.LoginTest" time="0.069"/>
  <testcase name="getDeptTree_Succ" classname="com.ipharmacare.sf.webtest.getDeptTreeTest" time="0.037"/>
  <testcase name="login_Succ" classname="com.ipharmacare.sf.webtest.LoginTest" time="0.08"/>
  <testcase name="getDeptList_Succ" classname="com.ipharmacare.sf.webtest.getDeptListTest" time="0.035"/>
  <testcase name="login_Succ" classname="com.ipharmacare.sf.webtest.LoginTest" time="0.071"/>
  <testcase name="getChildrenDept_Succ" classname="com.ipharmacare.sf.webtest.getChildrenDeptTest" time="0.071"/>
  <testcase name="login_Succ" classname="com.ipharmacare.sf.webtest.LoginTest" time="0.096"/>
  <testcase name="getDoctorInZone_Succ" classname="com.ipharmacare.sf.webtest.getDoctorInZoneTest" time="0.044"/>
  <testcase name="login_Succ" classname="com.ipharmacare.sf.webtest.LoginTest" time="0.059"/>
  <testcase name="getChildDrugCategory_Succ" classname="com.ipharmacare.sf.webtest.getChildDrugCategoryTest" time="0.044"/>
  <testcase name="login_Succ" classname="com.ipharmacare.sf.webtest.LoginTest" time="0.094"/>
  <testcase name="getDrugCategory_Succ" classname="com.ipharmacare.sf.webtest.getDrugCategoryTest" time="0.046"/>
  <testcase name="login_Succ" classname="com.ipharmacare.sf.webtest.LoginTest" time="0.057"/>
  <testcase name="getDrugList_Succ" classname="com.ipharmacare.sf.webtest.getDrugListTest" time="0.07"/>
  <testcase name="login_Succ" classname="com.ipharmacare.sf.webtest.LoginTest" time="0.088"/>
  <testcase name="getProductList_Succ" classname="com.ipharmacare.sf.webtest.getProductListTest" time="0.075"/>
  <testcase name="login_Succ" classname="com.ipharmacare.sf.webtest.LoginTest" time="0.068"/>
  <testcase name="getChildDrugProperty_Succ" classname="com.ipharmacare.sf.webtest.getChildDrugPropertyTest" time="0.075"/>
  <testcase name="login_Succ" classname="com.ipharmacare.sf.webtest.LoginTest" time="0.039"/>
  <testcase name="getDrugPropertyTree_Succ" classname="com.ipharmacare.sf.webtest.getDrugPropertyTreeTest" time="0.054"/>
  <testcase name="login_Succ" classname="com.ipharmacare.sf.webtest.LoginTest" time="0.095"/>
  <testcase name="getDrugPropertyList_Succ" classname="com.ipharmacare.sf.webtest.getDrugPropertyListTest" time="0.043"/>
  <testcase name="login_Succ" classname="com.ipharmacare.sf.webtest.LoginTest" time="0.119"/>
  <testcase name="getChildIcd10_Succ" classname="com.ipharmacare.sf.webtest.getChildIcd10Test" time="0.063"/>
  <testcase name="login_Succ" classname="com.ipharmacare.sf.webtest.LoginTest" time="0.057"/>
  <testcase name="getIcd10_Succ" classname="com.ipharmacare.sf.webtest.getIcd10Test" time="0.261"/>
  <testcase name="login_Succ" classname="com.ipharmacare.sf.webtest.LoginTest" time="0.075"/>
  <testcase name="getPayTypeList_Succ" classname="com.ipharmacare.sf.webtest.getPayTypeListTest" time="0.033"/>
  <testcase name="login_Succ" classname="com.ipharmacare.sf.webtest.LoginTest" time="0.066"/>
  <testcase name="getZoneList_Succ" classname="com.ipharmacare.sf.webtest.getZoneListTest" time="0.087"/>
  <testcase name="login_Succ" classname="com.ipharmacare.sf.webtest.LoginTest" time="0.186"/>
  <testcase name="getMsg_Succ" classname="com.ipharmacare.sf.webtest.getMsgTest" time="0.045"/>
  <testcase name="login_Succ" classname="com.ipharmacare.sf.webtest.LoginTest" time="0.061"/>
  <testcase name="getAuditPlanSetting_Fail" classname="com.ipharmacare.sf.webtest.getAuditPlanSettingTest" time="0.054"/>
  <testcase name="getAuditPlanSetting_Succ" classname="com.ipharmacare.sf.webtest.getAuditPlanSettingTest" time="0.033"/>
  <testcase name="login_Succ" classname="com.ipharmacare.sf.webtest.LoginTest" time="0.091"/>
  <testcase name="getOptRecipeElectronicMedicalall_Succ" classname="com.ipharmacare.sf.webtest.getOptRecipeElectronicMedicalallTest" time="0.158"/>
  <testcase name="login_Succ" classname="com.ipharmacare.sf.webtest.LoginTest" time="0.079"/>
  <testcase name="getOptRecipeOperationListall_Succ" classname="com.ipharmacare.sf.webtest.getOptRecipeOperationListallTest" time="0.072"/>
  <testcase name="login_Succ" classname="com.ipharmacare.sf.webtest.LoginTest" time="0.077"/>
  <testcase name="getOptRecipeExamListall_Succ" classname="com.ipharmacare.sf.webtest.getOptRecipeExamListallTest" time="0.042"/>
  <testcase name="login_Succ" classname="com.ipharmacare.sf.webtest.LoginTest" time="0.063"/>
  <testcase name="getOptRecipeImageListall_Succ" classname="com.ipharmacare.sf.webtest.getOptRecipeImageListallTest" time="0.097"/>
  <testcase name="login_Succ" classname="com.ipharmacare.sf.webtest.LoginTest" time="0.133"/>
  <testcase name="getOptDrugAuditRelatedall_Succ" classname="com.ipharmacare.sf.webtest.getOptDrugAuditRelatedallTest" time="0.06"/>
  <testcase name="login_Succ" classname="com.ipharmacare.sf.webtest.LoginTest" time="0.058"/>
  <testcase name="getOptRecipeSpecialExamListall_Succ" classname="com.ipharmacare.sf.webtest.getOptRecipeSpecialExamListallTest" time="0.051"/>
  <testcase name="login_Succ" classname="com.ipharmacare.sf.webtest.LoginTest" time="0.053"/>
  <testcase name="getOptAuditResultListall_Succ" classname="com.ipharmacare.sf.webtest.getOptAuditResultListallTest" time="0.051"/>
  <testcase name="login_Succ" classname="com.ipharmacare.sf.webtest.LoginTest" time="0.077"/>
  <testcase name="getOptRecipeOperationList_Succ" classname="com.ipharmacare.sf.webtest.getOptRecipeOperationListTest" time="0.046"/>
  <testcase name="login_Succ" classname="com.ipharmacare.sf.webtest.LoginTest" time="0.103"/>
  <testcase name="getOptAroundAuditResultall_Succ" classname="com.ipharmacare.sf.webtest.getOptAroundAuditResultallTest" time="0.063"/>
  <testcase name="login_Succ" classname="com.ipharmacare.sf.webtest.LoginTest" time="0.131"/>
  <testcase name="getOptRecipeInfoall_Succ" classname="com.ipharmacare.sf.webtest.getOptRecipeInfoallTest" time="0.037"/>
  <testcase name="login_Succ" classname="com.ipharmacare.sf.webtest.LoginTest" time="0.124"/>
  <testcase name="getExport_Succ" classname="com.ipharmacare.sf.webtest.getExportTest" time="0.321"/>
  <testcase name="login_Succ" classname="com.ipharmacare.sf.webtest.LoginTest" time="0.091"/>
  <testcase name="getOptRecipeInfo_Succ" classname="com.ipharmacare.sf.webtest.getOptRecipeInfoTest" time="0.045"/>
  <testcase name="login_Succ" classname="com.ipharmacare.sf.webtest.LoginTest" time="0.191"/>
  <testcase name="getOptRecipeElectronicMedical_Succ" classname="com.ipharmacare.sf.webtest.getOptElectronicMedicalTest" time="0.053"/>
  <testcase name="login_Succ" classname="com.ipharmacare.sf.webtest.LoginTest" time="0.14"/>
  <testcase name="getOptRecipeExamList_Succ" classname="com.ipharmacare.sf.webtest.getOptRecipeExamListTest" time="0.03"/>
  <testcase name="login_Succ" classname="com.ipharmacare.sf.webtest.LoginTest" time="0.086"/>
  <testcase name="getOptRecipeImageList_Succ" classname="com.ipharmacare.sf.webtest.getOptRecipeImageListTest" time="0.073"/>
  <testcase name="login_Succ" classname="com.ipharmacare.sf.webtest.LoginTest" time="0.084"/>
  <testcase name="getOptDrugAuditRelated_Succ" classname="com.ipharmacare.sf.webtest.getOptDrugAuditRelatedTest" time="0.062"/>
  <testcase name="login_Succ" classname="com.ipharmacare.sf.webtest.LoginTest" time="0.079"/>
  <testcase name="getOptRecipeSpecialExamList_Succ" classname="com.ipharmacare.sf.webtest.getOptRecipeSpecialExamListTest" time="0.058"/>
  <testcase name="login_Succ" classname="com.ipharmacare.sf.webtest.LoginTest" time="0.117"/>
  <testcase name="getOptRecipeAllergyList_Succ" classname="com.ipharmacare.sf.webtest.getOptRecipeAllergyListTest" time="0.147"/>
  <testcase name="login_Succ" classname="com.ipharmacare.sf.webtest.LoginTest" time="0.243"/>
  <testcase name="getOptAuditResultList_Succ" classname="com.ipharmacare.sf.webtest.getOptAuditResultListTest" time="0.033"/>
  <testcase name="login_Succ" classname="com.ipharmacare.sf.webtest.LoginTest" time="0.151"/>
  <testcase name="getOptEngineMsgList_Succ" classname="com.ipharmacare.sf.webtest.getOptEngineMsgListTest" time="0.055"/>
  <testcase name="login_Succ" classname="com.ipharmacare.sf.webtest.LoginTest" time="0.082"/>
  <testcase name="getResultReceive_Succ" classname="com.ipharmacare.sf.webtest.getResultReceiveTest" time="0.05"/>
  <testcase name="login_Succ" classname="com.ipharmacare.sf.webtest.LoginTest" time="0.163"/>
  <testcase name="getPatientCondtionList_Succ" classname="com.ipharmacare.sf.webtest.getPatientCondtionListTest" time="0.026"/>
  <testcase name="login_Succ" classname="com.ipharmacare.sf.webtest.LoginTest" time="0.173"/>
  <testcase name="getOptEngineMsgListall_Succ" classname="com.ipharmacare.sf.webtest.getOptEngineMsgListallTest" time="0.366"/>
  <testcase name="login_Succ" classname="com.ipharmacare.sf.webtest.LoginTest" time="0.057"/>
  <testcase name="getReplyTemplateList_Succ" classname="com.ipharmacare.sf.webtest.getReplyTemplateListTest" time="0.048"/>
  <testcase name="login_Succ" classname="com.ipharmacare.sf.webtest.LoginTest" time="0.051"/>
  <testcase name="getIptWardList_Succ" classname="com.ipharmacare.sf.webtest.getIptWardListTest" time="0.093"/>
  <testcase name="login_Succ" classname="com.ipharmacare.sf.webtest.LoginTest" time="0.223"/>
  <testcase name="getMedicationInfoExport_Succ" classname="com.ipharmacare.sf.webtest.getMedicationInfoExportTest" time="0.042"/>
  <testcase name="login_Succ" classname="com.ipharmacare.sf.webtest.LoginTest" time="0.153"/>
  <testcase name="getIptPatientall_Succ" classname="com.ipharmacare.sf.webtest.getIptPatientallTest" time="0.047"/>
  <testcase name="login_Succ" classname="com.ipharmacare.sf.webtest.LoginTest" time="0.124"/>
  <testcase name="getIptAllergyListall_Succ" classname="com.ipharmacare.sf.webtest.getIptAllergyListallTest" time="0.104"/>
  <testcase name="login_Succ" classname="com.ipharmacare.sf.webtest.LoginTest" time="0.149"/>
  <testcase name="getIptDrugSensitiveListall_Succ" classname="com.ipharmacare.sf.webtest.getIptDrugSensitiveListallTest" time="0.124"/>
  <testcase name="login_Succ" classname="com.ipharmacare.sf.webtest.LoginTest" time="0.052"/>
  <testcase name="getIptOrderListall_Succ" classname="com.ipharmacare.sf.webtest.getIptOrderListallTest" time="0.042"/>
  <testcase name="login_Succ" classname="com.ipharmacare.sf.webtest.LoginTest" time="0.083"/>
  <testcase name="getIptDiagnoseListall_Succ" classname="com.ipharmacare.sf.webtest.getIptDiagnoseListallTest" time="0.031"/>
  <testcase name="login_Succ" classname="com.ipharmacare.sf.webtest.LoginTest" time="0.112"/>
  <testcase name="getIptProgressListall_Succ" classname="com.ipharmacare.sf.webtest.getIptProgressListallTest" time="0.103"/>
  <testcase name="login_Succ" classname="com.ipharmacare.sf.webtest.LoginTest" time="0.273"/>
  <testcase name="getIptRecordListall_Succ" classname="com.ipharmacare.sf.webtest.getIptRecordListallTest" time="0.045"/>
  <testcase name="login_Succ" classname="com.ipharmacare.sf.webtest.LoginTest" time="0.054"/>
  <testcase name="getIptBacterialListall_Succ" classname="com.ipharmacare.sf.webtest.getIptBacterialListallTest" time="0.283"/>
  <testcase name="login_Succ" classname="com.ipharmacare.sf.webtest.LoginTest" time="0.106"/>
  <testcase name="getIptOperationListall_Succ" classname="com.ipharmacare.sf.webtest.getIptOperationListallTest" time="0.106"/>
  <testcase name="login_Succ" classname="com.ipharmacare.sf.webtest.LoginTest" time="0.228"/>
  <testcase name="getIptVitalSignListall_Succ" classname="com.ipharmacare.sf.webtest.getIptVitalSignListallTest" time="0.055"/>
  <testcase name="login_Succ" classname="com.ipharmacare.sf.webtest.LoginTest" time="0.053"/>
  <testcase name="getIptNonOrderListall_Succ" classname="com.ipharmacare.sf.webtest.getIptNonOrderListallTest" time="0.057"/>
  <testcase name="login_Succ" classname="com.ipharmacare.sf.webtest.LoginTest" time="0.094"/>
  <testcase name="getIptHerbOrderListall_Succ" classname="com.ipharmacare.sf.webtest.getIptHerbOrderListallTest" time="0.046"/>
  <testcase name="login_Succ" classname="com.ipharmacare.sf.webtest.LoginTest" time="0.084"/>
  <testcase name="getIptSpecialExamListall_Succ" classname="com.ipharmacare.sf.webtest.getIptSpecialExamListallTest" time="0.092"/>
  <testcase name="login_Succ" classname="com.ipharmacare.sf.webtest.LoginTest" time="0.067"/>
  <testcase name="getIptImageListall_Succ" classname="com.ipharmacare.sf.webtest.getIptImageListallTest" time="0.085"/>
  <testcase name="login_Succ" classname="com.ipharmacare.sf.webtest.LoginTest" time="0.186"/>
  <testcase name="getIptPathologicalListall_Succ" classname="com.ipharmacare.sf.webtest.getIptPathologicalListallTest" time="0.111"/>
  <testcase name="login_Succ" classname="com.ipharmacare.sf.webtest.LoginTest" time="0.079"/>
  <testcase name="getIptDrugAuditRelatedall_Succ" classname="com.ipharmacare.sf.webtest.getIptDrugAuditRelatedallTest" time="0.087"/>
  <testcase name="login_Succ" classname="com.ipharmacare.sf.webtest.LoginTest" time="0.073"/>
  <testcase name="getIptInfoAggregationall_Succ" classname="com.ipharmacare.sf.webtest.getIptInfoAggregationallTest" time="0.04"/>
  <testcase name="login_Succ" classname="com.ipharmacare.sf.webtest.LoginTest" time="0.042"/>
  <testcase name="getIptPatient_Succ" classname="com.ipharmacare.sf.webtest.getIptPatientTest" time="0.05"/>
  <testcase name="login_Succ" classname="com.ipharmacare.sf.webtest.LoginTest" time="0.13"/>
  <testcase name="getIptAllergyList_Succ" classname="com.ipharmacare.sf.webtest.getIptAllergyListTest" time="0.056"/>
  <testcase name="login_Succ" classname="com.ipharmacare.sf.webtest.LoginTest" time="0.051"/>
  <testcase name="getIptDrugSensitiveList_Succ" classname="com.ipharmacare.sf.webtest.getIptDrugSensitiveListTest" time="0.077"/>
  <testcase name="login_Succ" classname="com.ipharmacare.sf.webtest.LoginTest" time="0.172"/>
  <testcase name="getIptOrderList_Succ" classname="com.ipharmacare.sf.webtest.getIptOrderListTest" time="0.096"/>
  <testcase name="login_Succ" classname="com.ipharmacare.sf.webtest.LoginTest" time="0.111"/>
  <testcase name="getIptDiagnoseList_Succ" classname="com.ipharmacare.sf.webtest.getIptDiagnoseListTest" time="0.227"/>
  <testcase name="login_Succ" classname="com.ipharmacare.sf.webtest.LoginTest" time="0.125"/>
  <testcase name="getIptProgressList_Succ" classname="com.ipharmacare.sf.webtest.getIptProgressListTest" time="0.027"/>
  <testcase name="login_Succ" classname="com.ipharmacare.sf.webtest.LoginTest" time="0.05"/>
  <testcase name="getIptRecordList_Succ" classname="com.ipharmacare.sf.webtest.getIptRecordListTest" time="0.107"/>
  <testcase name="login_Succ" classname="com.ipharmacare.sf.webtest.LoginTest" time="0.047"/>
  <testcase name="getIptBacterialList_Succ" classname="com.ipharmacare.sf.webtest.getIptBacterialListTest" time="0.039"/>
  <testcase name="login_Succ" classname="com.ipharmacare.sf.webtest.LoginTest" time="0.067"/>
  <testcase name="getIptOperationList_Succ" classname="com.ipharmacare.sf.webtest.getIptOperationListTest" time="0.026"/>
  <testcase name="login_Succ" classname="com.ipharmacare.sf.webtest.LoginTest" time="0.099"/>
  <testcase name="getIptVitalSignList_Succ" classname="com.ipharmacare.sf.webtest.getIptVitalSignListTest" time="0.088"/>
  <testcase name="login_Succ" classname="com.ipharmacare.sf.webtest.LoginTest" time="0.284"/>
  <testcase name="getIptNonOrderList_Succ" classname="com.ipharmacare.sf.webtest.getIptNonOrderListTest" time="0.065"/>
  <testcase name="login_Succ" classname="com.ipharmacare.sf.webtest.LoginTest" time="0.083"/>
  <testcase name="getIptHerbOrderList_Succ" classname="com.ipharmacare.sf.webtest.getIptHerbOrderListTest" time="0.028"/>
  <testcase name="login_Succ" classname="com.ipharmacare.sf.webtest.LoginTest" time="0.15"/>
  <testcase name="getIptSpecialExamList_Succ" classname="com.ipharmacare.sf.webtest.getIptSpecialExamListTest" time="0.035"/>
  <testcase name="login_Succ" classname="com.ipharmacare.sf.webtest.LoginTest" time="0.081"/>
  <testcase name="getIptImageList_Succ" classname="com.ipharmacare.sf.webtest.getIptImageListTest" time="0.029"/>
  <testcase name="login_Succ" classname="com.ipharmacare.sf.webtest.LoginTest" time="0.075"/>
  <testcase name="getIptPathologicalList_Succ" classname="com.ipharmacare.sf.webtest.getIptPathologicalListTest" time="0.125"/>
  <testcase name="login_Succ" classname="com.ipharmacare.sf.webtest.LoginTest" time="0.113"/>
  <testcase name="getIptDrugAuditRelated_Succ" classname="com.ipharmacare.sf.webtest.getIptDrugAuditRelatedTest" time="0.036"/>
  <testcase name="login_Succ" classname="com.ipharmacare.sf.webtest.LoginTest" time="0.056"/>
  <testcase name="getIptInfoAggregation_Succ" classname="com.ipharmacare.sf.webtest.getIptInfoAggregationTest" time="0.113"/>
  <testcase name="login_Succ" classname="com.ipharmacare.sf.webtest.LoginTest" time="0.162"/>
  <testcase name="getAuditAgree_Succ" classname="com.ipharmacare.sf.webtest.getAuditAgreeTest" time="0.079"/>
  <testcase name="login_Succ" classname="com.ipharmacare.sf.webtest.LoginTest" time="0.161"/>
  <testcase name="getAuditRefuse_Succ" classname="com.ipharmacare.sf.webtest.getAuditRefuseTest" time="0.25"/>
  <testcase name="login_Succ" classname="com.ipharmacare.sf.webtest.LoginTest" time="1.013"/>
  <testcase name="delExport_Succ" classname="com.ipharmacare.sf.webtest.delExportTest" time="0.035"/>
  <testcase name="login_Succ" classname="com.ipharmacare.sf.webtest.LoginTest" time="0.083"/>
  <testcase name="delReplyTemplate_Fail" classname="com.ipharmacare.sf.webtest.delReplyTemplateTest" time="0.045"/>
  <testcase name="login_Succ" classname="com.ipharmacare.sf.webtest.LoginTest" time="0.129"/>
  <testcase name="putAlertMssageStatus_Succ" classname="com.ipharmacare.sf.webtest.putAlertMssageStatusTest" time="0.054"/>
  <testcase name="login_Succ" classname="com.ipharmacare.sf.webtest.LoginTest" time="0.051"/>
  <testcase name="putAlertMsgDpRemark_Succ" classname="com.ipharmacare.sf.webtest.putAlertMsgDpRemarkTest" time="0.094"/>
  <testcase name="login_Succ" classname="com.ipharmacare.sf.webtest.LoginTest" time="0.081"/>
  <testcase name="putOpenAlertMsgDpRemark_Succ" classname="com.ipharmacare.sf.webtest.putOpenAlertMsgDpRemarkTest" time="0.214"/>
  <testcase name="login_Succ" classname="com.ipharmacare.sf.webtest.LoginTest" time="0.121"/>
  <testcase name="putEndOfAudit_Succ" classname="com.ipharmacare.sf.webtest.putEndOfAuditTest" time="0.272"/>
  <testcase name="login_Succ" classname="com.ipharmacare.sf.webtest.LoginTest" time="0.109"/>
  <testcase name="putAuditBeating_Succ" classname="com.ipharmacare.sf.webtest.putAuditBeatingTest" time="0.116"/>
  <testcase name="login_Succ" classname="com.ipharmacare.sf.webtest.LoginTest" time="0.151"/>
  <testcase name="putReleaseAuditing_Succ" classname="com.ipharmacare.sf.webtest.putReleaseAuditingTest" time="0.075"/>
  <testcase name="login_Succ" classname="com.ipharmacare.sf.webtest.LoginTest" time="0.104"/>
  <testcase name="putAuditing_Succ" classname="com.ipharmacare.sf.webtest.putAuditingTest" time="0.325"/>
  <testcase name="login_Succ" classname="com.ipharmacare.sf.webtest.LoginTest" time="0.242"/>
  <testcase name="putAuditPlan_Succ" classname="com.ipharmacare.sf.webtest.putAuditPlanTest" time="0.051"/>
  <testcase name="login_Succ" classname="com.ipharmacare.sf.webtest.LoginTest" time="0.061"/>
  <testcase name="PostAuditBatchAgree_Succ" classname="com.ipharmacare.sf.webtest.postAuditBatchAgreeTest" time="0.171"/>
  <testcase name="login_Succ" classname="com.ipharmacare.sf.webtest.LoginTest" time="0.086"/>
  <testcase name="PostAuditBatchRefuse_Succ" classname="com.ipharmacare.sf.webtest.postAuditBatchRefuseTest" time="0.136"/>
  <testcase name="login_Succ" classname="com.ipharmacare.sf.webtest.LoginTest" time="0.126"/>
  <testcase name="getAuditConfig_Succ" classname="com.ipharmacare.sf.webtest.getAuditConfigTest" time="0.164"/>
  <testcase name="login_Succ" classname="com.ipharmacare.sf.webtest.LoginTest" time="0.083"/>
  <testcase name="getCheckResultQuery_Succ" classname="com.ipharmacare.sf.webtest.getCheckResultQueryTest" time="0.261"/>
  <testcase name="login_Succ" classname="com.ipharmacare.sf.webtest.LoginTest" time="0.099"/>
  <testcase name="getAnalysisOptRecipeInfo_Succ" classname="com.ipharmacare.sf.webtest.getAnalysisOptRecipeInfoTest" time="0.177"/>
  <testcase name="login_Succ" classname="com.ipharmacare.sf.webtest.LoginTest" time="0.093"/>
  <testcase name="getCheckProjectList_Succ" classname="com.ipharmacare.sf.webtest.getCheckProjectListTest" time="0.086"/>
  <testcase name="login_Succ" classname="com.ipharmacare.sf.webtest.LoginTest" time="0.358"/>
  <testcase name="delProject_Succ" classname="com.ipharmacare.sf.webtest.delProjectTest" time="0.106"/>
  <testcase name="login_Succ" classname="com.ipharmacare.sf.webtest.LoginTest" time="0.253"/>
  <testcase name="getOptOperation_Succ" classname="com.ipharmacare.sf.webtest.getOptOperationTest" time="0.079"/>
  <testcase name="login_Succ" classname="com.ipharmacare.sf.webtest.LoginTest" time="0.136"/>
  <testcase name="PostSaveOperation_Succ" classname="com.ipharmacare.sf.webtest.postSaveOperationTest" time="0.041"/>
  <testcase name="login_Succ" classname="com.ipharmacare.sf.webtest.LoginTest" time="0.059"/>
  <testcase name="getReportList_Succ" classname="com.ipharmacare.sf.webtest.getReportListTest" time="0.07"/>
  <testcase name="login_Succ" classname="com.ipharmacare.sf.webtest.LoginTest" time="0.137"/>
  <testcase name="PostGetCheckList_Succ" classname="com.ipharmacare.sf.webtest.postGetCheckListTest" time="0.034"/>
  <testcase name="login_Succ" classname="com.ipharmacare.sf.webtest.LoginTest" time="0.083"/>
  <testcase name="getIptCheckData_Succ" classname="com.ipharmacare.sf.webtest.getIptCheckDataTest" time="0.032"/>
  <testcase name="login_Succ" classname="com.ipharmacare.sf.webtest.LoginTest" time="0.055"/>
  <testcase name="PostExtractIptCheckData_Succ" classname="com.ipharmacare.sf.webtest.postExtractIptCheckDataTest" time="0.036"/>
  <testcase name="login_Succ" classname="com.ipharmacare.sf.webtest.LoginTest" time="0.055"/>
  <testcase name="getOptCheckResultList_Succ" classname="com.ipharmacare.sf.webtest.getOptCheckResultListTest" time="0.038"/>
  <testcase name="login_Succ" classname="com.ipharmacare.sf.webtest.LoginTest" time="0.093"/>
  <testcase name="getCheckIptOrderData_Succ" classname="com.ipharmacare.sf.webtest.getCheckIptOrderDataTest" time="0.063"/>
  <testcase name="login_Succ" classname="com.ipharmacare.sf.webtest.LoginTest" time="0.164"/>
  <testcase name="getExcuteReport_Succ" classname="com.ipharmacare.sf.webtest.getExcuteReportTest" time="0.141"/>
  <testcase name="login_Succ" classname="com.ipharmacare.sf.webtest.LoginTest" time="0.16"/>
  <testcase name="getIptCheckResult_Succ" classname="com.ipharmacare.sf.webtest.getIptCheckResultTest" time="0.089"/>
  <testcase name="login_Succ" classname="com.ipharmacare.sf.webtest.LoginTest" time="0.101"/>
  <testcase name="getAnalysisExport_Succ" classname="com.ipharmacare.sf.webtest.getAnalysisExportTest" time="0.094"/>
  <testcase name="login_Succ" classname="com.ipharmacare.sf.webtest.LoginTest" time="0.071"/>
  <testcase name="getOptAlreadyCheckNum_Succ" classname="com.ipharmacare.sf.webtest.getOptAlreadyCheckNumTest" time="0.061"/>
  <testcase name="login_Succ" classname="com.ipharmacare.sf.webtest.LoginTest" time="0.144"/>
  <testcase name="getOptNextId_Succ" classname="com.ipharmacare.sf.webtest.getOptNextIdTest" time="0.135"/>
  <testcase name="login_Succ" classname="com.ipharmacare.sf.webtest.LoginTest" time="0.077"/>
  <testcase name="getOptPreviousId_Succ" classname="com.ipharmacare.sf.webtest.getOptPreviousIdTest" time="0.037"/>
  <testcase name="login_Succ" classname="com.ipharmacare.sf.webtest.LoginTest" time="0.094"/>
  <testcase name="getOptReviewResultList_Succ" classname="com.ipharmacare.sf.webtest.getOptReviewResultListTest" time="0.03"/>
  <testcase name="login_Succ" classname="com.ipharmacare.sf.webtest.LoginTest" time="0.059"/>
  <testcase name="getIptReviewResultList_Succ" classname="com.ipharmacare.sf.webtest.getIptReviewResultListTest" time="0.036"/>
  <testcase name="login_Succ" classname="com.ipharmacare.sf.webtest.LoginTest" time="0.103"/>
  <testcase name="postAddReplyTemplate_Succ" classname="com.ipharmacare.sf.webtest.postAddReplyTemplateTest" time="0.07"/>
  <testcase name="login_Succ" classname="com.ipharmacare.sf.webtest.LoginTest" time="0.043"/>
  <testcase name="PostExportDrugMessageList_Succ" classname="com.ipharmacare.sf.webtest.postExportDrugMessageListTest" time="0.038"/>
  <testcase name="login_Succ" classname="com.ipharmacare.sf.webtest.LoginTest" time="0.048"/>
  <testcase name="getNextAuditTaskId_Succ" classname="com.ipharmacare.sf.webtest.getNextAuditTaskIdTest" time="0.041"/>
  <testcase name="login_Succ" classname="com.ipharmacare.sf.webtest.LoginTest" time="0.044"/>
  <testcase name="getAuditResult_Succ" classname="com.ipharmacare.sf.webtest.getAuditResultTest" time="0.062"/>
  <testcase name="login_Succ" classname="com.ipharmacare.sf.webtest.LoginTest" time="0.04"/>
  <testcase name="getIptAroundAuditResultIdall_Succ" classname="com.ipharmacare.sf.webtest.getIptAroundAuditResultIdallTest" time="0.042"/>
  <testcase name="login_Succ" classname="com.ipharmacare.sf.webtest.LoginTest" time="0.06"/>
  <testcase name="getIptTotalCheckNum_Succ" classname="com.ipharmacare.sf.webtest.getIptTotalCheckNumTest" time="0.07"/>
  <testcase name="login_Succ" classname="com.ipharmacare.sf.webtest.LoginTest" time="0.041"/>
  <testcase name="getOptTotalCheckNum_Succ" classname="com.ipharmacare.sf.webtest.getOptTotalCheckNumTest" time="0.034"/>
  <testcase name="login_Succ" classname="com.ipharmacare.sf.webtest.LoginTest" time="0.119"/>
  <testcase name="getIptPreviousEngineId_Succ" classname="com.ipharmacare.sf.webtest.getIptPreviousEngineIdTest" time="0.051"/>
  <testcase name="login_Succ" classname="com.ipharmacare.sf.webtest.LoginTest" time="0.08"/>
  <testcase name="getIptNextEngineId_Succ" classname="com.ipharmacare.sf.webtest.getIptNextEngineIdTest" time="0.037"/>
</testsuite>